[2025-07-25 04:00:02] [Render thread/INFO] [CustomSkinLoader Core]: CustomSkinLoader 14.21.2
[2025-07-25 04:00:02] [Render thread/INFO] [CustomSkinLoader Core]: DataDir: G:\exmo\ExCareerWar\run\.\CustomSkinLoader
[2025-07-25 04:00:02] [Render thread/INFO] [CustomSkinLoader Core]: Operating System: Windows 11 (amd64) version 10.0
[2025-07-25 04:00:02] [Render thread/INFO] [CustomSkinLoader Core]: Java Version: 17.0.14, Azul Systems, Inc.
[2025-07-25 04:00:02] [Render thread/INFO] [CustomSkinLoader Core]: Java VM Version: OpenJDK 64-Bit Server VM (mixed mode, sharing), Azul Systems, Inc.
[2025-07-25 04:00:03] [Render thread/INFO] [CustomSkinLoader Core]: Minecraft: 1.20.1
[2025-07-25 04:00:03] [Render thread/INFO] [CustomSkinLoader Core]: Config File: G:\exmo\ExCareerWar\run\.\CustomSkinLoader\CustomSkinLoader.json
[2025-07-25 04:00:03] [Render thread/INFO] [CustomSkinLoader Core]: Try to load config.
[2025-07-25 04:00:03] [Render thread/INFO] [CustomSkinLoader Core]: Successfully load config.
[2025-07-25 04:00:03] [Render thread/INFO] [CustomSkinLoader Core]: Add a profile loader: MojangAPI
[2025-07-25 04:00:03] [Render thread/INFO] [CustomSkinLoader Core]: Add a profile loader: Legacy
[2025-07-25 04:00:03] [Render thread/INFO] [CustomSkinLoader Core]: Add a profile loader: CustomSkinAPI
[2025-07-25 04:00:03] [Render thread/INFO] [CustomSkinLoader Core]: Add a profile loader: CustomSKinAPIPlus
[2025-07-25 04:00:03] [Render thread/INFO] [CustomSkinLoader Core]: Add a profile loader: UniSkinAPI
[2025-07-25 04:00:03] [Render thread/INFO] [CustomSkinLoader Core]: Add a profile loader: ElyByAPI
[2025-07-25 04:00:03] [Render thread/INFO] [CustomSkinLoader Core]: Add a profile loader: GlitchlessAPI
[2025-07-25 04:00:03] [Render thread/INFO] [CustomSkinLoader Core]: Add a profile loader: MinecraftCapesAPI
[2025-07-25 04:00:03] [Render thread/INFO] [CustomSkinLoader Core]: Add a profile loader: WynntilsAPI
[2025-07-25 04:00:03] [Render thread/INFO] [CustomSkinLoader Core]: Successfully update config.
[2025-07-25 04:00:03] [Render thread/INFO] [CustomSkinLoader Core]: version : 14.21.2
[2025-07-25 04:00:03] [Render thread/INFO] [CustomSkinLoader Core]: buildNumber : 30
[2025-07-25 04:00:03] [Render thread/INFO] [CustomSkinLoader Core]: loadlist : [{ "name": "Mojang", "type": "MojangAPI", "apiRoot": "https://api.mojang.com/", "sessionRoot": "https://sessionserver.mojang.com/" }, { "name": "LittleSkin", "type": "CustomSkinAPI", "root": "https://littleskin.cn/csl/" }, { "name": "BlessingSkin", "type": "CustomSkinAPI", "root": "https://skin.prinzeugen.net/" }, { "name": "ElyBy", "type": "ElyByAPI", "root": "http://skinsystem.ely.by/textures/" }, { "name": "SkinMe", "type": "UniSkinAPI", "root": "http://www.skinme.cc/uniskin/" }, { "name": "TLauncher", "type": "ElyByAPI", "root": "https://auth.tlauncher.org/skin/profile/texture/login/" }, { "name": "GlitchlessGames", "type": "GlitchlessAPI", "root": "https://games.glitchless.ru/api/minecraft/users/profiles/textures/?nickname=" }, { "name": "LocalSkin", "type": "Legacy", "checkPNG": "false", "skin": "LocalSkin/skins/{USERNAME}.png", "model": "auto", "cape": "LocalSkin/capes/{USERNAME}.png", "elytra": "LocalSkin/elytras/{USERNAME}.png" }, { "name": "MinecraftCapes", "type": "MinecraftCapesAPI", "root": "https://api.minecraftcapes.net/profile/" }, { "name": "OptiFine", "type": "Legacy", "checkPNG": "false", "model": "auto", "cape": "https://optifine.net/capes/{USERNAME}.png" }, { "name": "Wynntils", "type": "WynntilsAPI", "root": "https://athena.wynntils.com/user/getInfo" }, { "name": "CloakPlus", "type": "Legacy", "checkPNG": "false", "model": "auto", "cape": "http://161.35.130.99/capes/{USERNAME}.png" }, { "name": "LabyMod", "type": "Legacy", "checkPNG": "false", "model": "auto", "cape": "https://dl.labymod.net/capes/{STANDARD_UUID}" }, { "name": "Cosmetica", "type": "Legacy", "checkPNG": "false", "model": "auto", "cape": "https://api.cosmetica.cc/get/cloak?username={USERNAME}&uuid={STANDARD_UUID}&nothirdparty" }]
[2025-07-25 04:00:03] [Render thread/INFO] [CustomSkinLoader Core]: enableDynamicSkull : true
[2025-07-25 04:00:03] [Render thread/INFO] [CustomSkinLoader Core]: enableTransparentSkin : true
[2025-07-25 04:00:03] [Render thread/INFO] [CustomSkinLoader Core]: forceLoadAllTextures : true
[2025-07-25 04:00:03] [Render thread/INFO] [CustomSkinLoader Core]: enableCape : true
[2025-07-25 04:00:03] [Render thread/INFO] [CustomSkinLoader Core]: threadPoolSize : 8
[2025-07-25 04:00:03] [Render thread/INFO] [CustomSkinLoader Core]: enableLogStdOut : false
[2025-07-25 04:00:03] [Render thread/INFO] [CustomSkinLoader Core]: cacheExpiry : 30
[2025-07-25 04:00:03] [Render thread/INFO] [CustomSkinLoader Core]: forceUpdateSkull : false
[2025-07-25 04:00:03] [Render thread/INFO] [CustomSkinLoader Core]: enableLocalProfileCache : false
[2025-07-25 04:00:03] [Render thread/INFO] [CustomSkinLoader Core]: enableCacheAutoClean : false
[2025-07-25 04:00:03] [Render thread/INFO] [CustomSkinLoader Core]: forceDisableCache : false
[2025-07-25 04:00:03] [Dev/INFO] [CustomSkinLoader Core]: Loading Dev's profile.
[2025-07-25 04:00:03] [Dev/INFO] [CustomSkinLoader Core]: 1/14 Try to load profile from 'Mojang'.
[2025-07-25 04:00:03] [Dev/DEBUG] [CustomSkinLoader Core]: Try to request 'https://api.mojang.com/profiles/minecraft'.
[2025-07-25 04:00:03] [Dev/INFO] [CustomSkinLoader Core]: Payload: ["Dev"]
[2025-07-25 04:00:03] [Dev/DEBUG] [CustomSkinLoader Core]: Successfully request (Response Code: 200 , Content Length: 69)
[2025-07-25 04:00:03] [Dev/DEBUG] [CustomSkinLoader Core]: Content: [ {
  "id" : "5084e6f38f5443f18df51dca109e430f",
  "name" : "Dev"
} ]
[2025-07-25 04:00:03] [Dev/DEBUG] [CustomSkinLoader Core]: Try to request 'https://sessionserver.mojang.com/session/minecraft/profile/5084e6f38f5443f18df51dca109e430f'.
[2025-07-25 04:00:04] [Dev/DEBUG] [CustomSkinLoader Core]: Successfully request (Response Code: 200 , Content Length: 525)
[2025-07-25 04:00:04] [Dev/DEBUG] [CustomSkinLoader Core]: Saved to cache (Length: 525 , Path: 'G:\exmo\ExCareerWar\run\.\CustomSkinLoader\caches\5fffb4a28a1b9ec7062c05f6ac9b29b59f4b20ed' , Expire: 1753387234)
[2025-07-25 04:00:04] [Dev/DEBUG] [CustomSkinLoader Core]: Content: {
  "id" : "5084e6f38f5443f18df51dca109e430f",
  "name" : "Dev",
  "properties" : [ {
    "name" : "textures",
    "value" : "ewogICJ0aW1lc3RhbXAiIDogMTc1MzM4NzIwMjMwMCwKICAicHJvZmlsZUlkIiA6ICI1MDg0ZTZmMzhmNTQ0M2YxOGRmNTFkY2ExMDllNDMwZiIsCiAgInByb2ZpbGVOYW1lIiA6ICJEZXYiLAogICJ0ZXh0dXJlcyIgOiB7CiAgICAiU0tJTiIgOiB7CiAgICAgICJ1cmwiIDogImh0dHA6Ly90ZXh0dXJlcy5taW5lY3JhZnQubmV0L3RleHR1cmUvZGMwZmNmYWYyYWEwNDBhODNkYzBkZTRlNTYwNThkMWJiYjJlYTQwMTU3NTAxZjNlN2QxNWRjMjQ1ZTQ5MzA5NSIKICAgIH0KICB9Cn0="
  } ],
  "profileActions" : [ ]
}
[2025-07-25 04:00:04] [Dev/INFO] [CustomSkinLoader Core]: 2/14 Try to load profile from 'LittleSkin'.
[2025-07-25 04:00:04] [Dev/DEBUG] [CustomSkinLoader Core]: Try to request 'https://littleskin.cn/csl/Dev.json'.
[2025-07-25 04:00:04] [Dev/DEBUG] [CustomSkinLoader Core]: Successfully request (Response Code: 200 , Content Length: 179)
[2025-07-25 04:00:04] [Dev/DEBUG] [CustomSkinLoader Core]: Saved to cache (Length: 179 , Path: 'G:\exmo\ExCareerWar\run\.\CustomSkinLoader\caches\c76925d75b74c7a375782c27ebb9c6b22ce0f5ba' , Expire: 1753387298)
[2025-07-25 04:00:04] [Dev/DEBUG] [CustomSkinLoader Core]: Content: {"username":"Dev","skins":{"default":"858cdfe89ba82a9cd709c1a775ad95166530f2e78d44ccf42a65c161bd50343d"},"cape":"47726d2420419494606e4c39ac93df41b185ad177d1729341537ff92a9947def"}
[2025-07-25 04:00:04] [Dev/INFO] [CustomSkinLoader Core]: Dev's profile loaded.
[2025-07-25 04:00:04] [Dev/INFO] [CustomSkinLoader Core]: (SkinUrl: http://textures.minecraft.net/texture/dc0fcfaf2aa040a83dc0de4e56058d1bbb2ea40157501f3e7d15dc245e493095 , Model: default , CapeUrl: https://littleskin.cn/csl/textures/47726d2420419494606e4c39ac93df41b185ad177d1729341537ff92a9947def  , Expiry: 1753387234)
